Compiling the C compiler identification source file "CMakeCCompilerId.c" failed.
Compiler: C:/Users/Techman/AppData/Local/Programs/cygwin/bin/cc.exe 
Build flags: 
Id flags:  

The output was:
Access is denied


Compiling the C compiler identification source file "CMakeCCompilerId.c" failed.
Compiler: C:/Users/Techman/AppData/Local/Programs/cygwin/bin/cc.exe 
Build flags: 
Id flags: -c 

The output was:
Access is denied


Compiling the C compiler identification source file "CMakeCCompilerId.c" failed.
Compiler: C:/Users/Techman/AppData/Local/Programs/cygwin/bin/cc.exe 
Build flags: 
Id flags: -Aa 

The output was:
Access is denied


Compiling the C compiler identification source file "CMakeCCompilerId.c" failed.
Compiler: C:/Users/Techman/AppData/Local/Programs/cygwin/bin/cc.exe 
Build flags: 
Id flags: -D__CLASSIC_C__ 

The output was:
Access is denied


Compiling the C compiler identification source file "CMakeCCompilerId.c" failed.
Compiler: C:/Users/Techman/AppData/Local/Programs/cygwin/bin/cc.exe 
Build flags: 
Id flags: --target=arm-arm-none-eabi;-mcpu=cortex-m3 

The output was:
Access is denied


Compiling the C compiler identification source file "CMakeCCompilerId.c" failed.
Compiler: C:/Users/Techman/AppData/Local/Programs/cygwin/bin/cc.exe 
Build flags: 
Id flags:  

The output was:
Access is denied


Compiling the C compiler identification source file "CMakeCCompilerId.c" failed.
Compiler: C:/Users/Techman/AppData/Local/Programs/cygwin/bin/cc.exe 
Build flags: 
Id flags: -c 

The output was:
Access is denied


Compiling the C compiler identification source file "CMakeCCompilerId.c" failed.
Compiler: C:/Users/Techman/AppData/Local/Programs/cygwin/bin/cc.exe 
Build flags: 
Id flags: -Aa 

The output was:
Access is denied


Compiling the C compiler identification source file "CMakeCCompilerId.c" failed.
Compiler: C:/Users/Techman/AppData/Local/Programs/cygwin/bin/cc.exe 
Build flags: 
Id flags: -D__CLASSIC_C__ 

The output was:
Access is denied


Compiling the C compiler identification source file "CMakeCCompilerId.c" failed.
Compiler: C:/Users/Techman/AppData/Local/Programs/cygwin/bin/cc.exe 
Build flags: 
Id flags: --target=arm-arm-none-eabi;-mcpu=cortex-m3 

The output was:
Access is denied


Checking whether the C compiler is IAR using "" did not match "IAR .+ Compiler":
Checking whether the C compiler is IAR using "" did not match "IAR .+ Compiler":
Compiling the CXX compiler identification source file "CMakeCXXCompilerId.cpp" failed.
Compiler: C:/Users/Techman/AppData/Local/Programs/cygwin/bin/c++.exe 
Build flags: 
Id flags:  

The output was:
Access is denied


Compiling the CXX compiler identification source file "CMakeCXXCompilerId.cpp" failed.
Compiler: C:/Users/Techman/AppData/Local/Programs/cygwin/bin/c++.exe 
Build flags: 
Id flags: -c 

The output was:
Access is denied


Compiling the CXX compiler identification source file "CMakeCXXCompilerId.cpp" failed.
Compiler: C:/Users/Techman/AppData/Local/Programs/cygwin/bin/c++.exe 
Build flags: 
Id flags: --c++ 

The output was:
Access is denied


Compiling the CXX compiler identification source file "CMakeCXXCompilerId.cpp" failed.
Compiler: C:/Users/Techman/AppData/Local/Programs/cygwin/bin/c++.exe 
Build flags: 
Id flags: --ec++ 

The output was:
Access is denied


Compiling the CXX compiler identification source file "CMakeCXXCompilerId.cpp" failed.
Compiler: C:/Users/Techman/AppData/Local/Programs/cygwin/bin/c++.exe 
Build flags: 
Id flags: --target=arm-arm-none-eabi;-mcpu=cortex-m3 

The output was:
Access is denied


Compiling the CXX compiler identification source file "CMakeCXXCompilerId.cpp" failed.
Compiler: C:/Users/Techman/AppData/Local/Programs/cygwin/bin/c++.exe 
Build flags: 
Id flags:  

The output was:
Access is denied


Compiling the CXX compiler identification source file "CMakeCXXCompilerId.cpp" failed.
Compiler: C:/Users/Techman/AppData/Local/Programs/cygwin/bin/c++.exe 
Build flags: 
Id flags: -c 

The output was:
Access is denied


Compiling the CXX compiler identification source file "CMakeCXXCompilerId.cpp" failed.
Compiler: C:/Users/Techman/AppData/Local/Programs/cygwin/bin/c++.exe 
Build flags: 
Id flags: --c++ 

The output was:
Access is denied


Compiling the CXX compiler identification source file "CMakeCXXCompilerId.cpp" failed.
Compiler: C:/Users/Techman/AppData/Local/Programs/cygwin/bin/c++.exe 
Build flags: 
Id flags: --ec++ 

The output was:
Access is denied


Compiling the CXX compiler identification source file "CMakeCXXCompilerId.cpp" failed.
Compiler: C:/Users/Techman/AppData/Local/Programs/cygwin/bin/c++.exe 
Build flags: 
Id flags: --target=arm-arm-none-eabi;-mcpu=cortex-m3 

The output was:
Access is denied


Checking whether the CXX compiler is IAR using "" did not match "IAR .+ Compiler":
Checking whether the CXX compiler is IAR using "" did not match "IAR .+ Compiler":
Detecting C compiler ABI info failed to compile with the following output:
Change Dir: D:/PhyoSan/projects/cpp-projects/cpp-electric-bill-calculator/build/unix-bin/CMakeFiles/CMakeTmp

Run Build Command(s):C:/Users/Techman/AppData/Local/Programs/cygwin/bin/make.exe cmTC_5eadc/fast &&       1 [main] make 8772 find_fast_cwd: WARNING: Couldn't compute FAST_CWD pointer.  Please report this problem to
the public mailing list cygwin@cygwin.com
/usr/bin/make -f CMakeFiles/cmTC_5eadc.dir/build.make CMakeFiles/cmTC_5eadc.dir/build
make[1]: Entering directory `/cygdrive/d/PhyoSan/projects/cpp-projects/cpp-electric-bill-calculator/build/unix-bin/CMakeFiles/CMakeTmp'
CMakeFiles/cmTC_5eadc.dir/build.make:64: *** target pattern contains no `%'.  Stop.
make[1]: Leaving directory `/cygdrive/d/PhyoSan/projects/cpp-projects/cpp-electric-bill-calculator/build/unix-bin/CMakeFiles/CMakeTmp'
make: *** [cmTC_5eadc/fast] Error 2




Detecting CXX compiler ABI info failed to compile with the following output:
Change Dir: D:/PhyoSan/projects/cpp-projects/cpp-electric-bill-calculator/build/unix-bin/CMakeFiles/CMakeTmp

Run Build Command(s):C:/Users/Techman/AppData/Local/Programs/cygwin/bin/make.exe cmTC_75dee/fast &&       1 [main] make 11112 find_fast_cwd: WARNING: Couldn't compute FAST_CWD pointer.  Please report this problem to
the public mailing list cygwin@cygwin.com
/usr/bin/make -f CMakeFiles/cmTC_75dee.dir/build.make CMakeFiles/cmTC_75dee.dir/build
make[1]: Entering directory `/cygdrive/d/PhyoSan/projects/cpp-projects/cpp-electric-bill-calculator/build/unix-bin/CMakeFiles/CMakeTmp'
CMakeFiles/cmTC_75dee.dir/build.make:64: *** target pattern contains no `%'.  Stop.
make[1]: Leaving directory `/cygdrive/d/PhyoSan/projects/cpp-projects/cpp-electric-bill-calculator/build/unix-bin/CMakeFiles/CMakeTmp'
make: *** [cmTC_75dee/fast] Error 2




