The system is: Windows - 10.0.19025 - AMD64
Determining if the C compiler works passed with the following output:
Change Dir: D:/PhyoSan/projects/cpp-projects/cpp-electric-bill-calculator/build/unix-bin/CMakeFiles/CMakeTmp

Run Build Command(s):C:/Users/Techman/AppData/Local/Programs/cygwin/bin/make.exe cmTC_42c39/fast &&       1 [main] make 2516 find_fast_cwd: WARNING: Couldn't compute FAST_CWD pointer.  Please report this problem to
the public mailing list cygwin@cygwin.com
/usr/bin/make -f CMakeFiles/cmTC_42c39.dir/build.make CMakeFiles/cmTC_42c39.dir/build
make[1]: Entering directory `/cygdrive/d/PhyoSan/projects/cpp-projects/cpp-electric-bill-calculator/build/unix-bin/CMakeFiles/CMakeTmp'
Building C object CMakeFiles/cmTC_42c39.dir/testCCompiler.c.obj
C:/Users/Techman/AppData/Local/Programs/cygwin/bin/cc.exe    -o CMakeFiles/cmTC_42c39.dir/testCCompiler.c.obj   -c D:/PhyoSan/projects/cpp-projects/cpp-electric-bill-calculator/build/unix-bin/CMakeFiles/CMakeTmp/testCCompiler.c
cygwin warning:
  MS-DOS style path detected: D:/PhyoSan/projects/cpp-projects/cpp-electric-bill-calculator/build/unix-bin/CMakeFiles/CMakeTmp/testCCompiler.c
  Preferred POSIX equivalent is: /cygdrive/d/PhyoSan/projects/cpp-projects/cpp-electric-bill-calculator/build/unix-bin/CMakeFiles/CMakeTmp/testCCompiler.c
  CYGWIN environment variable option "nodosfilewarning" turns off this warning.
  Consult the user's guide for more details about POSIX paths:
    http://cygwin.com/cygwin-ug-net/using.html#using-pathnames
Linking C executable cmTC_42c39.exe
C:/Users/Techman/AppData/Local/Programs/cygwin/bin/cc.exe      "CMakeFiles/cmTC_42c39.dir/testCCompiler.c.obj"   -o cmTC_42c39.exe 
make[1]: Leaving directory `/cygdrive/d/PhyoSan/projects/cpp-projects/cpp-electric-bill-calculator/build/unix-bin/CMakeFiles/CMakeTmp'



Determining if the CXX compiler works passed with the following output:
Change Dir: D:/PhyoSan/projects/cpp-projects/cpp-electric-bill-calculator/build/unix-bin/CMakeFiles/CMakeTmp

Run Build Command(s):C:/Users/Techman/AppData/Local/Programs/cygwin/bin/make.exe cmTC_f77f8/fast &&       1 [main] make 4964 find_fast_cwd: WARNING: Couldn't compute FAST_CWD pointer.  Please report this problem to
the public mailing list cygwin@cygwin.com
/usr/bin/make -f CMakeFiles/cmTC_f77f8.dir/build.make CMakeFiles/cmTC_f77f8.dir/build
make[1]: Entering directory `/cygdrive/d/PhyoSan/projects/cpp-projects/cpp-electric-bill-calculator/build/unix-bin/CMakeFiles/CMakeTmp'
Building CXX object CMakeFiles/cmTC_f77f8.dir/testCXXCompiler.cxx.obj
C:/Users/Techman/AppData/Local/Programs/cygwin/bin/c++.exe     -o CMakeFiles/cmTC_f77f8.dir/testCXXCompiler.cxx.obj -c D:/PhyoSan/projects/cpp-projects/cpp-electric-bill-calculator/build/unix-bin/CMakeFiles/CMakeTmp/testCXXCompiler.cxx
cygwin warning:
  MS-DOS style path detected: D:/PhyoSan/projects/cpp-projects/cpp-electric-bill-calculator/build/unix-bin/CMakeFiles/CMakeTmp/testCXXCompiler.cxx
  Preferred POSIX equivalent is: /cygdrive/d/PhyoSan/projects/cpp-projects/cpp-electric-bill-calculator/build/unix-bin/CMakeFiles/CMakeTmp/testCXXCompiler.cxx
  CYGWIN environment variable option "nodosfilewarning" turns off this warning.
  Consult the user's guide for more details about POSIX paths:
    http://cygwin.com/cygwin-ug-net/using.html#using-pathnames
Linking CXX executable cmTC_f77f8.exe
C:/Users/Techman/AppData/Local/Programs/cygwin/bin/c++.exe       "CMakeFiles/cmTC_f77f8.dir/testCXXCompiler.cxx.obj"   -o cmTC_f77f8.exe 
make[1]: Leaving directory `/cygdrive/d/PhyoSan/projects/cpp-projects/cpp-electric-bill-calculator/build/unix-bin/CMakeFiles/CMakeTmp'



